# JRE version: OpenJDK Runtime Environment (21.0.6) (build 21.0.6+-13391695-b895.109)
# Java VM: OpenJDK 64-Bit Server VM (21.0.6+-13391695-b895.109, mixed mode, tiered, compressed oops, compressed class ptrs, g1 gc, windows-amd64)
GC Precious Log:
 CardTable entry size: 512
 Card Set container configuration: InlinePtr #cards 4 size 8 Array Of Cards #cards 16 size 48 Howl #buckets 8 coarsen threshold 3686 Howl Bitmap #cards 512 size 80 coarsen threshold 460 Card regions per heap region 1 cards per card region 4096
 CPUs: 8 total, 8 available
 Memory: 16305M
 Large Page Support: Disabled
 NUMA Support: Disabled
 Compressed Oops: Enabled (Zero based)
 Heap Region Size: 2M
 Heap Min Capacity: 8M
 Heap Initial Capacity: 256M
 Heap Max Capacity: 4078M
 Pre-touch: Disabled
 Parallel Workers: 8
 Concurrent Workers: 2
 Concurrent Refinement Workers: 8
 Periodic GC: Disabled
Heap:
 garbage-first heap   total 26624K, used 15822K [0x0000000701200000, 0x0000000800000000)
  region size 2048K, 3 young (6144K), 1 survivors (2048K)
 Metaspace       used 33678K, committed 34048K, reserved 1114112K
  class space    used 3307K, committed 3456K, reserved 1048576K
GC Heap History (16 events):
Event: 0.760 GC heap before
{Heap before GC invocations=0 (full 0):
 garbage-first heap   total 262144K, used 20480K [0x0000000701200000, 0x0000000800000000)
  region size 2048K, 11 young (22528K), 0 survivors (0K)
 Metaspace       used 13553K, committed 13760K, reserved 1114112K
  class space    used 1160K, committed 1280K, reserved 1048576K
}
Event: 0.763 GC heap after
{Heap after GC invocations=1 (full 0):
 garbage-first heap   total 262144K, used 2799K [0x0000000701200000, 0x0000000800000000)
  region size 2048K, 2 young (4096K), 2 survivors (4096K)
 Metaspace       used 13553K, committed 13760K, reserved 1114112K
  class space    used 1160K, committed 1280K, reserved 1048576K
}
Event: 1.212 GC heap before
{Heap before GC invocations=1 (full 0):
 garbage-first heap   total 262144K, used 27375K [0x0000000701200000, 0x0000000800000000)
  region size 2048K, 16 young (32768K), 2 survivors (4096K)
 Metaspace       used 21271K, committed 21504K, reserved 1114112K
  class space    used 2019K, committed 2112K, reserved 1048576K
}
Event: 1.216 GC heap after
{Heap after GC invocations=2 (full 0):
 garbage-first heap   total 262144K, used 4096K [0x0000000701200000, 0x0000000800000000)
  region size 2048K, 2 young (4096K), 2 survivors (4096K)
 Metaspace       used 21271K, committed 21504K, reserved 1114112K
  class space    used 2019K, committed 2112K, reserved 1048576K
}
Event: 1.345 GC heap before
{Heap before GC invocations=3 (full 0):
 garbage-first heap   total 14336K, used 14336K [0x0000000701200000, 0x0000000800000000)
  region size 2048K, 7 young (14336K), 2 survivors (4096K)
 Metaspace       used 23531K, committed 23808K, reserved 1114112K
  class space    used 2227K, committed 2368K, reserved 1048576K
}
Event: 1.348 GC heap after
{Heap after GC invocations=4 (full 0):
 garbage-first heap   total 20480K, used 4336K [0x0000000701200000, 0x0000000800000000)
  region size 2048K, 3 young (6144K), 3 survivors (6144K)
 Metaspace       used 23531K, committed 23808K, reserved 1114112K
  class space    used 2227K, committed 2368K, reserved 1048576K
}
Event: 1.432 GC heap before
{Heap before GC invocations=4 (full 0):
 garbage-first heap   total 20480K, used 10480K [0x0000000701200000, 0x0000000800000000)
  region size 2048K, 6 young (12288K), 3 survivors (6144K)
 Metaspace       used 24950K, committed 25216K, reserved 1114112K
  class space    used 2400K, committed 2560K, reserved 1048576K
}
Event: 1.436 GC heap after
{Heap after GC invocations=5 (full 0):
 garbage-first heap   total 20480K, used 4694K [0x0000000701200000, 0x0000000800000000)
  region size 2048K, 1 young (2048K), 1 survivors (2048K)
 Metaspace       used 24950K, committed 25216K, reserved 1114112K
  class space    used 2400K, committed 2560K, reserved 1048576K
}
Event: 1.700 GC heap before
{Heap before GC invocations=5 (full 0):
 garbage-first heap   total 20480K, used 14934K [0x0000000701200000, 0x0000000800000000)
  region size 2048K, 6 young (12288K), 1 survivors (2048K)
 Metaspace       used 25732K, committed 26048K, reserved 1114112K
  class space    used 2443K, committed 2560K, reserved 1048576K
}
Event: 1.701 GC heap after
{Heap after GC invocations=6 (full 0):
 garbage-first heap   total 20480K, used 4598K [0x0000000701200000, 0x0000000800000000)
  region size 2048K, 1 young (2048K), 1 survivors (2048K)
 Metaspace       used 25732K, committed 26048K, reserved 1114112K
  class space    used 2443K, committed 2560K, reserved 1048576K
}
Event: 1.969 GC heap before
{Heap before GC invocations=6 (full 0):
 garbage-first heap   total 20480K, used 14838K [0x0000000701200000, 0x0000000800000000)
  region size 2048K, 6 young (12288K), 1 survivors (2048K)
 Metaspace       used 27794K, committed 28032K, reserved 1114112K
  class space    used 2660K, committed 2752K, reserved 1048576K
}
Event: 1.971 GC heap after
{Heap after GC invocations=7 (full 0):
 garbage-first heap   total 20480K, used 4898K [0x0000000701200000, 0x0000000800000000)
  region size 2048K, 1 young (2048K), 1 survivors (2048K)
 Metaspace       used 27794K, committed 28032K, reserved 1114112K
  class space    used 2660K, committed 2752K, reserved 1048576K
}
Event: 2.223 GC heap before
{Heap before GC invocations=7 (full 0):
 garbage-first heap   total 20480K, used 15138K [0x0000000701200000, 0x0000000800000000)
  region size 2048K, 6 young (12288K), 1 survivors (2048K)
 Metaspace       used 30169K, committed 30528K, reserved 1114112K
  class space    used 2936K, committed 3136K, reserved 1048576K
}
Event: 2.225 GC heap after
{Heap after GC invocations=8 (full 0):
 garbage-first heap   total 20480K, used 5291K [0x0000000701200000, 0x0000000800000000)
  region size 2048K, 1 young (2048K), 1 survivors (2048K)
 Metaspace       used 30169K, committed 30528K, reserved 1114112K
  class space    used 2936K, committed 3136K, reserved 1048576K
}
Event: 2.546 GC heap before
{Heap before GC invocations=8 (full 0):
 garbage-first heap   total 20480K, used 11435K [0x0000000701200000, 0x0000000800000000)
  region size 2048K, 5 young (10240K), 1 survivors (2048K)
 Metaspace       used 32354K, committed 32768K, reserved 1114112K
  class space    used 3186K, committed 3392K, reserved 1048576K
}
Event: 2.551 GC heap after
{Heap after GC invocations=9 (full 0):
 garbage-first heap   total 20480K, used 5582K [0x0000000701200000, 0x0000000800000000)
  region size 2048K, 1 young (2048K), 1 survivors (2048K)
 Metaspace       used 32354K, committed 32768K, reserved 1114112K
  class space    used 3186K, committed 3392K, reserved 1048576K
}

